example/build/outputs/logs/manifest-merger-debug-report.txt
-- Merging decision tree log ---
manifest
ADDED from src\main\AndroidManifest.xml:2:1-186:12
INJECTED from src\main\AndroidManifest.xml:2:1-186:12
INJECTED from src\main\AndroidManifest.xml:2:1-186:12
INJECTED from src\main\AndroidManifest.xml:2:1-186:12
MERGED from [:latte-ec] AndroidManifest.xml:2:1-29:12
MERGED from [:latte-ui] AndroidManifest.xml:2:1-17:12
MERGED from [:latte-core] AndroidManifest.xml:2:1-45:12
MERGED from [com.android.support:multidex:1.0.3] AndroidManifest.xml:17:1-22:12
MERGED from [cn.jiguang.sdk:jpush:3.0.1] AndroidManifest.xml:2:1-130:12
MERGED from [cn.jiguang.sdk:jcore:1.1.0] AndroidManifest.xml:2:1-14:12
MERGED from [de.hdodenhof:circleimageview:2.1.0] AndroidManifest.xml:2:1-11:12
MERGED from [com.github.CymChad:BaseRecyclerViewAdapterHelper:2.9.22] AndroidManifest.xml:2:1-11:12
MERGED from [com.choices.divider:RecyclerView_Divider:1.0.0] AndroidManifest.xml:2:1-17:12
MERGED from [com.github.bumptech.glide:okhttp3-integration:4.0.0-RC0] AndroidManifest.xml:2:1-16:12
MERGED from [com.bigkoo:convenientbanner:2.0.5] AndroidManifest.xml:2:1-9:12
MERGED from [com.ToxicBakery.viewpager.transforms:view-pager-transforms:1.2.32] AndroidManifest.xml:17:1-27:12
MERGED from [com.daimajia.easing:library:1.0.1] AndroidManifest.xml:2:1-12:12
MERGED from [com.daimajia.androidanimations:library:1.1.3] AndroidManifest.xml:2:1-12:12
MERGED from [com.joanzapata.iconify:android-iconify-ionicons:2.2.2] AndroidManifest.xml:2:1-8:12
MERGED from [com.joanzapata.iconify:android-iconify-fontawesome:2.2.2] AndroidManifest.xml:2:1-8:12
MERGED from [com.joanzapata.iconify:android-iconify:2.2.2] AndroidManifest.xml:2:1-8:12
MERGED from [me.dm7.barcodescanner:zbar:1.9.3] AndroidManifest.xml:2:1-13:12
MERGED from [me.dm7.barcodescanner:core:1.9.3] AndroidManifest.xml:2:1-13:12
MERGED from [com.android.support:support-v4:28.0.0] AndroidManifest.xml:17:1-22:12
MERGED from [com.github.niorgai:StatusBarCompat:2.1.3] AndroidManifest.xml:2:1-17:12
MERGED from [com.android.support:design:28.0.0] AndroidManifest.xml:17:1-24:12
MERGED from [com.github.yalantis:ucrop:2.2.1-native] AndroidManifest.xml:2:1-12:12
MERGED from [com.android.support:appcompat-v7:28.0.0] AndroidManifest.xml:17:1-22:12
MERGED from [com.android.support:cardview-v7:28.0.0] AndroidManifest.xml:17:1-22:12
MERGED from [com.android.support.constraint:constraint-layout:1.1.3] AndroidManifest.xml:2:1-11:12
MERGED from [me.yokeyword:fragmentation:1.0.3] AndroidManifest.xml:2:1-11:12
MERGED from [me.yokeyword:fragmentation-swipeback:1.0.3] AndroidManifest.xml:2:1-11:12
MERGED from [com.jakewharton:butterknife:9.0.0-rc2] AndroidManifest.xml:2:1-7:12
MERGED from [com.wang.avi:library:2.1.3] AndroidManifest.xml:2:1-11:12
MERGED from [com.orhanobut:logger:2.1.1] AndroidManifest.xml:2:1-8:12
MERGED from [com.blankj:utilcode:1.7.1] AndroidManifest.xml:2:1-10:12
MERGED from [com.github.hotchemi:permissionsdispatcher:2.4.0] AndroidManifest.xml:2:1-10:12
MERGED from [com.android.support:recyclerview-v7:28.0.0] AndroidManifest.xml:17:1-22:12
MERGED from [com.android.support:support-media-compat:28.0.0] AndroidManifest.xml:17:1-22:12
MERGED from [com.android.support:support-fragment:28.0.0] AndroidManifest.xml:17:1-22:12
MERGED from [com.android.support:animated-vector-drawable:28.0.0] AndroidManifest.xml:17:1-22:12
MERGED from [com.android.support:support-core-ui:28.0.0] AndroidManifest.xml:17:1-22:12
MERGED from [com.android.support:support-core-utils:28.0.0] AndroidManifest.xml:17:1-22:12
MERGED from [com.android.support:support-vector-drawable:28.0.0] AndroidManifest.xml:17:1-22:12
MERGED from [com.android.support:transition:28.0.0] AndroidManifest.xml:17:1-22:12
MERGED from [com.jakewharton:butterknife-runtime:9.0.0-rc2] AndroidManifest.xml:2:1-7:12
MERGED from [com.android.support:loader:28.0.0] AndroidManifest.xml:17:1-22:12
MERGED from [com.android.support:asynclayoutinflater:28.0.0] AndroidManifest.xml:17:1-22:12
MERGED from [com.android.support:swiperefreshlayout:28.0.0] AndroidManifest.xml:17:1-22:12
MERGED from [com.android.support:slidingpanelayout:28.0.0] AndroidManifest.xml:17:1-22:12
MERGED from [com.android.support:drawerlayout:28.0.0] AndroidManifest.xml:17:1-22:12
MERGED from [com.android.support:coordinatorlayout:28.0.0] AndroidManifest.xml:17:1-22:12
MERGED from [com.android.support:viewpager:28.0.0] AndroidManifest.xml:17:1-22:12
MERGED from [com.android.support:customview:28.0.0] AndroidManifest.xml:17:1-22:12
MERGED from [com.android.support:support-compat:28.0.0] AndroidManifest.xml:17:1-24:12
MERGED from [com.android.support:versionedparcelable:28.0.0] AndroidManifest.xml:17:1-25:12
MERGED from [com.android.support:cursoradapter:28.0.0] AndroidManifest.xml:17:1-22:12
MERGED from [android.arch.lifecycle:runtime:1.1.1] AndroidManifest.xml:17:1-22:12
MERGED from [com.android.support:documentfile:28.0.0] AndroidManifest.xml:17:1-22:12
MERGED from [com.android.support:localbroadcastmanager:28.0.0] AndroidManifest.xml:17:1-22:12
MERGED from [com.android.support:print:28.0.0] AndroidManifest.xml:17:1-22:12
MERGED from [android.arch.lifecycle:viewmodel:1.1.1] AndroidManifest.xml:17:1-22:12
MERGED from [android.arch.lifecycle:livedata:1.1.1] AndroidManifest.xml:17:1-22:12
MERGED from [android.arch.lifecycle:livedata-core:1.1.1] AndroidManifest.xml:17:1-22:12
MERGED from [android.arch.core:runtime:1.1.1] AndroidManifest.xml:17:1-22:12
MERGED from [com.android.support:interpolator:28.0.0] AndroidManifest.xml:17:1-22:12
MERGED from [me.yokeyword:fragmentation-core:1.0.3] AndroidManifest.xml:2:1-11:12
INJECTED from src\main\AndroidManifest.xml:2:1-186:12
INJECTED from src\main\AndroidManifest.xml:2:1-186:12
INJECTED from src\main\AndroidManifest.xml:2:1-186:12
	package
		ADDED from src\main\AndroidManifest.xml:4:5-40
		INJECTED from src\main\AndroidManifest.xml
		INJECTED from src\main\AndroidManifest.xml
	android:versionName
		INJECTED from src\main\AndroidManifest.xml
		ADDED from src\main\AndroidManifest.xml:2:1-186:12
		INJECTED from src\main\AndroidManifest.xml
	xmlns:tools
		ADDED from src\main\AndroidManifest.xml:3:5-51
	android:versionCode
		INJECTED from src\main\AndroidManifest.xml
		ADDED from src\main\AndroidManifest.xml:2:1-186:12
		INJECTED from src\main\AndroidManifest.xml
	xmlns:android
		ADDED from src\main\AndroidManifest.xml:2:11-69
uses-permission#android.permission.ACCESS_NETWORK_STATE
ADDED from src\main\AndroidManifest.xml:6:5-79
MERGED from [:latte-core] AndroidManifest.xml:13:5-79
MERGED from [:latte-core] AndroidManifest.xml:13:5-79
MERGED from [cn.jiguang.sdk:jpush:3.0.1] AndroidManifest.xml:26:5-79
MERGED from [cn.jiguang.sdk:jpush:3.0.1] AndroidManifest.xml:26:5-79
	android:name
		ADDED from src\main\AndroidManifest.xml:6:22-76
uses-permission#android.permission.ACCESS_WIFI_STATE
ADDED from src\main\AndroidManifest.xml:7:5-76
MERGED from [:latte-core] AndroidManifest.xml:14:5-76
MERGED from [:latte-core] AndroidManifest.xml:14:5-76
MERGED from [cn.jiguang.sdk:jpush:3.0.1] AndroidManifest.xml:27:5-76
MERGED from [cn.jiguang.sdk:jpush:3.0.1] AndroidManifest.xml:27:5-76
	android:name
		ADDED from src\main\AndroidManifest.xml:7:22-73
uses-permission#android.permission.READ_PHONE_STATE
ADDED from src\main\AndroidManifest.xml:8:5-75
MERGED from [:latte-core] AndroidManifest.xml:30:5-75
MERGED from [:latte-core] AndroidManifest.xml:30:5-75
MERGED from [cn.jiguang.sdk:jpush:3.0.1] AndroidManifest.xml:20:5-75
MERGED from [cn.jiguang.sdk:jpush:3.0.1] AndroidManifest.xml:20:5-75
	android:name
		ADDED from src\main\AndroidManifest.xml:8:22-72
uses-permission#android.permission.WRITE_EXTERNAL_STORAGE
ADDED from src\main\AndroidManifest.xml:9:5-81
MERGED from [:latte-core] AndroidManifest.xml:21:5-81
MERGED from [:latte-core] AndroidManifest.xml:21:5-81
MERGED from [cn.jiguang.sdk:jpush:3.0.1] AndroidManifest.xml:21:5-81
MERGED from [cn.jiguang.sdk:jpush:3.0.1] AndroidManifest.xml:21:5-81
	android:name
		ADDED from src\main\AndroidManifest.xml:9:22-78
uses-permission#android.permission.ACCESS_FINE_LOCATION
ADDED from src\main\AndroidManifest.xml:11:5-79
MERGED from [cn.jiguang.sdk:jpush:3.0.1] AndroidManifest.xml:33:5-79
MERGED from [cn.jiguang.sdk:jpush:3.0.1] AndroidManifest.xml:33:5-79
	android:name
		ADDED from src\main\AndroidManifest.xml:11:22-76
uses-permission#android.permission.ACCESS_COARSE_LOCATION
ADDED from src\main\AndroidManifest.xml:12:5-81
MERGED from [:latte-core] AndroidManifest.xml:31:5-81
MERGED from [:latte-core] AndroidManifest.xml:31:5-81
MERGED from [cn.jiguang.sdk:jpush:3.0.1] AndroidManifest.xml:31:5-81
MERGED from [cn.jiguang.sdk:jpush:3.0.1] AndroidManifest.xml:31:5-81
	android:name
		ADDED from src\main\AndroidManifest.xml:12:22-78
uses-permission#android.permission.GET_TASKS
ADDED from src\main\AndroidManifest.xml:13:5-68
	android:name
		ADDED from src\main\AndroidManifest.xml:13:22-65
uses-permission#android.permission.CHANGE_WIFI_STATE
ADDED from src\main\AndroidManifest.xml:14:5-76
MERGED from [cn.jiguang.sdk:jpush:3.0.1] AndroidManifest.xml:32:5-76
MERGED from [cn.jiguang.sdk:jpush:3.0.1] AndroidManifest.xml:32:5-76
	android:name
		ADDED from src\main\AndroidManifest.xml:14:22-73
uses-permission#android.permission.SYSTEM_ALERT_WINDOW
ADDED from src\main\AndroidManifest.xml:15:5-78
MERGED from [cn.jiguang.sdk:jpush:3.0.1] AndroidManifest.xml:30:5-78
MERGED from [cn.jiguang.sdk:jpush:3.0.1] AndroidManifest.xml:30:5-78
	android:name
		ADDED from src\main\AndroidManifest.xml:15:22-75
application
ADDED from src\main\AndroidManifest.xml:17:5-184:19
MERGED from [:latte-ec] AndroidManifest.xml:11:5-27:19
MERGED from [:latte-ec] AndroidManifest.xml:11:5-27:19
MERGED from [:latte-ui] AndroidManifest.xml:11:5-15:19
MERGED from [:latte-ui] AndroidManifest.xml:11:5-15:19
MERGED from [:latte-core] AndroidManifest.xml:33:5-43:19
MERGED from [:latte-core] AndroidManifest.xml:33:5-43:19
MERGED from [cn.jiguang.sdk:jpush:3.0.1] AndroidManifest.xml:37:5-128:19
MERGED from [cn.jiguang.sdk:jpush:3.0.1] AndroidManifest.xml:37:5-128:19
MERGED from [cn.jiguang.sdk:jcore:1.1.0] AndroidManifest.xml:11:5-12:19
MERGED from [cn.jiguang.sdk:jcore:1.1.0] AndroidManifest.xml:11:5-12:19
MERGED from [de.hdodenhof:circleimageview:2.1.0] AndroidManifest.xml:9:5-20
MERGED from [de.hdodenhof:circleimageview:2.1.0] AndroidManifest.xml:9:5-20
MERGED from [com.choices.divider:RecyclerView_Divider:1.0.0] AndroidManifest.xml:11:5-15:19
MERGED from [com.choices.divider:RecyclerView_Divider:1.0.0] AndroidManifest.xml:11:5-15:19
MERGED from [com.github.bumptech.glide:okhttp3-integration:4.0.0-RC0] AndroidManifest.xml:10:5-14:19
MERGED from [com.github.bumptech.glide:okhttp3-integration:4.0.0-RC0] AndroidManifest.xml:10:5-14:19
MERGED from [me.dm7.barcodescanner:zbar:1.9.3] AndroidManifest.xml:11:5-20
MERGED from [me.dm7.barcodescanner:zbar:1.9.3] AndroidManifest.xml:11:5-20
MERGED from [me.dm7.barcodescanner:core:1.9.3] AndroidManifest.xml:11:5-20
MERGED from [me.dm7.barcodescanner:core:1.9.3] AndroidManifest.xml:11:5-20
MERGED from [com.github.niorgai:StatusBarCompat:2.1.3] AndroidManifest.xml:11:5-15:19
MERGED from [com.github.niorgai:StatusBarCompat:2.1.3] AndroidManifest.xml:11:5-15:19
MERGED from [com.android.support:design:28.0.0] AndroidManifest.xml:22:5-20
MERGED from [com.android.support:design:28.0.0] AndroidManifest.xml:22:5-20
MERGED from [com.android.support.constraint:constraint-layout:1.1.3] AndroidManifest.xml:9:5-20
MERGED from [com.android.support.constraint:constraint-layout:1.1.3] AndroidManifest.xml:9:5-20
MERGED from [me.yokeyword:fragmentation:1.0.3] AndroidManifest.xml:9:5-20
MERGED from [me.yokeyword:fragmentation:1.0.3] AndroidManifest.xml:9:5-20
MERGED from [me.yokeyword:fragmentation-swipeback:1.0.3] AndroidManifest.xml:9:5-20
MERGED from [me.yokeyword:fragmentation-swipeback:1.0.3] AndroidManifest.xml:9:5-20
MERGED from [com.android.support:support-compat:28.0.0] AndroidManifest.xml:22:5-94
MERGED from [com.android.support:support-compat:28.0.0] AndroidManifest.xml:22:5-94
MERGED from [com.android.support:versionedparcelable:28.0.0] AndroidManifest.xml:22:5-23:19
MERGED from [com.android.support:versionedparcelable:28.0.0] AndroidManifest.xml:22:5-23:19
MERGED from [me.yokeyword:fragmentation-core:1.0.3] AndroidManifest.xml:9:5-20
MERGED from [me.yokeyword:fragmentation-core:1.0.3] AndroidManifest.xml:9:5-20
	android:appComponentFactory
		ADDED from [com.android.support:support-compat:28.0.0] AndroidManifest.xml:22:18-91
	android:supportsRtl
		ADDED from src\main\AndroidManifest.xml:23:9-35
	android:label
		ADDED from src\main\AndroidManifest.xml:21:9-41
	android:roundIcon
		ADDED from src\main\AndroidManifest.xml:22:9-54
	android:icon
		ADDED from src\main\AndroidManifest.xml:20:9-43
	android:allowBackup
		ADDED from src\main\AndroidManifest.xml:19:9-35
	android:theme
		ADDED from src\main\AndroidManifest.xml:24:9-40
	android:name
		ADDED from src\main\AndroidManifest.xml:18:9-35
activity#com.diabin.fastec.example.ExampleActivity
ADDED from src\main\AndroidManifest.xml:25:9-31:20
	android:name
		ADDED from src\main\AndroidManifest.xml:25:19-50
intent-filter#action:name:android.intent.action.MAIN+category:name:android.intent.category.LAUNCHER
ADDED from src\main\AndroidManifest.xml:26:13-30:29
action#android.intent.action.MAIN
ADDED from src\main\AndroidManifest.xml:27:17-69
	android:name
		ADDED from src\main\AndroidManifest.xml:27:25-66
category#android.intent.category.LAUNCHER
ADDED from src\main\AndroidManifest.xml:29:17-77
	android:name
		ADDED from src\main\AndroidManifest.xml:29:27-74
activity#com.diabin.fastec.example.wxapi.WXEntryActivity
ADDED from src\main\AndroidManifest.xml:33:9-44:20
	android:screenOrientation
		ADDED from src\main\AndroidManifest.xml:38:13-49
	android:label
		ADDED from src\main\AndroidManifest.xml:36:13-33
	android:launchMode
		ADDED from src\main\AndroidManifest.xml:37:13-43
	android:exported
		ADDED from src\main\AndroidManifest.xml:35:13-36
	android:theme
		ADDED from src\main\AndroidManifest.xml:39:13-63
	android:name
		ADDED from src\main\AndroidManifest.xml:34:13-50
intent-filter#action:name:android.intent.action.VIEW+category:name:android.intent.category.DEFAULT
ADDED from src\main\AndroidManifest.xml:40:13-43:29
action#android.intent.action.VIEW
ADDED from src\main\AndroidManifest.xml:41:17-69
	android:name
		ADDED from src\main\AndroidManifest.xml:41:25-66
category#android.intent.category.DEFAULT
ADDED from src\main\AndroidManifest.xml:42:17-76
	android:name
		ADDED from src\main\AndroidManifest.xml:42:27-73
activity#com.diabin.fastec.example.wxapi.WXPayEntryActivity
ADDED from src\main\AndroidManifest.xml:46:9-52:66
	android:screenOrientation
		ADDED from src\main\AndroidManifest.xml:51:13-49
	android:label
		ADDED from src\main\AndroidManifest.xml:49:13-35
	android:launchMode
		ADDED from src\main\AndroidManifest.xml:50:13-43
	android:exported
		ADDED from src\main\AndroidManifest.xml:48:13-36
	android:theme
		ADDED from src\main\AndroidManifest.xml:52:13-63
	android:name
		ADDED from src\main\AndroidManifest.xml:47:13-53
service#cn.jpush.android.service.PushService
ADDED from src\main\AndroidManifest.xml:56:9-66:19
MERGED from [cn.jiguang.sdk:jpush:3.0.1] AndroidManifest.xml:66:9-77:19
MERGED from [cn.jiguang.sdk:jpush:3.0.1] AndroidManifest.xml:66:9-77:19
	android:process
		ADDED from [cn.jiguang.sdk:jpush:3.0.1] AndroidManifest.xml:70:13-40
	android:enabled
		ADDED from src\main\AndroidManifest.xml:58:13-35
	android:exported
		ADDED from src\main\AndroidManifest.xml:59:13-37
	android:name
		ADDED from src\main\AndroidManifest.xml:57:13-64
intent-filter#action:name:cn.jpush.android.intent.PUSH_TIME+action:name:cn.jpush.android.intent.PushService+action:name:cn.jpush.android.intent.REGISTER+action:name:cn.jpush.android.intent.REPORT
ADDED from src\main\AndroidManifest.xml:60:13-65:29
action#cn.jpush.android.intent.REGISTER
ADDED from src\main\AndroidManifest.xml:61:17-75
	android:name
		ADDED from src\main\AndroidManifest.xml:61:25-72
action#cn.jpush.android.intent.REPORT
ADDED from src\main\AndroidManifest.xml:62:17-73
	android:name
		ADDED from src\main\AndroidManifest.xml:62:25-70
action#cn.jpush.android.intent.PushService
ADDED from src\main\AndroidManifest.xml:63:17-78
	android:name
		ADDED from src\main\AndroidManifest.xml:63:25-75
action#cn.jpush.android.intent.PUSH_TIME
ADDED from src\main\AndroidManifest.xml:64:17-76
	android:name
		ADDED from src\main\AndroidManifest.xml:64:25-73
service#cn.jpush.android.service.DaemonService
ADDED from src\main\AndroidManifest.xml:70:9-78:19
MERGED from [cn.jiguang.sdk:jpush:3.0.1] AndroidManifest.xml:81:9-90:19
MERGED from [cn.jiguang.sdk:jpush:3.0.1] AndroidManifest.xml:81:9-90:19
	android:enabled
		ADDED from src\main\AndroidManifest.xml:72:13-35
	android:exported
		ADDED from src\main\AndroidManifest.xml:73:13-36
	android:name
		ADDED from src\main\AndroidManifest.xml:71:13-66
intent-filter#action:name:cn.jpush.android.intent.DaemonService+category:name:com.diabin.fastec.example
ADDED from src\main\AndroidManifest.xml:74:13-77:29
action#cn.jpush.android.intent.DaemonService
ADDED from src\main\AndroidManifest.xml:75:17-80
	android:name
		ADDED from src\main\AndroidManifest.xml:75:25-77
category#com.diabin.fastec.example
ADDED from src\main\AndroidManifest.xml:76:17-70
	android:name
		ADDED from src\main\AndroidManifest.xml:76:27-67
receiver#cn.jpush.android.service.PushReceiver
ADDED from src\main\AndroidManifest.xml:81:9-101:20
MERGED from [cn.jiguang.sdk:jpush:3.0.1] AndroidManifest.xml:93:9-113:20
MERGED from [cn.jiguang.sdk:jpush:3.0.1] AndroidManifest.xml:93:9-113:20
	android:process
		ADDED from [cn.jiguang.sdk:jpush:3.0.1] AndroidManifest.xml:97:13-40
	android:enabled
		ADDED from src\main\AndroidManifest.xml:83:13-35
	android:exported
		ADDED from [cn.jiguang.sdk:jpush:3.0.1] AndroidManifest.xml:96:13-37
	android:name
		ADDED from src\main\AndroidManifest.xml:82:13-65
intent-filter#action:name:cn.jpush.android.intent.NOTIFICATION_RECEIVED_PROXY+category:name:com.diabin.fastec.example
ADDED from src\main\AndroidManifest.xml:84:13-87:29
	android:priority
		ADDED from src\main\AndroidManifest.xml:84:28-51
action#cn.jpush.android.intent.NOTIFICATION_RECEIVED_PROXY
ADDED from src\main\AndroidManifest.xml:85:17-94
	android:name
		ADDED from src\main\AndroidManifest.xml:85:25-91
intent-filter#action:name:android.intent.action.USER_PRESENT+action:name:android.net.conn.CONNECTIVITY_CHANGE
ADDED from src\main\AndroidManifest.xml:88:13-93:29
action#android.intent.action.USER_PRESENT
ADDED from src\main\AndroidManifest.xml:89:17-77
	android:name
		ADDED from src\main\AndroidManifest.xml:89:25-74
action#android.net.conn.CONNECTIVITY_CHANGE
ADDED from src\main\AndroidManifest.xml:90:17-92:50
	tools:ignore
		ADDED from src\main\AndroidManifest.xml:92:21-47
	android:name
		ADDED from src\main\AndroidManifest.xml:91:21-72
intent-filter#action:name:android.intent.action.PACKAGE_ADDED+action:name:android.intent.action.PACKAGE_REMOVED+data:scheme:package
ADDED from src\main\AndroidManifest.xml:95:13-100:29
action#android.intent.action.PACKAGE_ADDED
ADDED from src\main\AndroidManifest.xml:96:17-78
	android:name
		ADDED from src\main\AndroidManifest.xml:96:25-75
action#android.intent.action.PACKAGE_REMOVED
ADDED from src\main\AndroidManifest.xml:97:17-80
	android:name
		ADDED from src\main\AndroidManifest.xml:97:25-77
data
ADDED from src\main\AndroidManifest.xml:99:17-50
	android:scheme
		ADDED from src\main\AndroidManifest.xml:99:23-47
activity#cn.jpush.android.ui.PushActivity
ADDED from src\main\AndroidManifest.xml:104:9-115:20
MERGED from [cn.jiguang.sdk:jpush:3.0.1] AndroidManifest.xml:46:9-57:20
MERGED from [cn.jiguang.sdk:jpush:3.0.1] AndroidManifest.xml:46:9-57:20
	android:exported
		ADDED from src\main\AndroidManifest.xml:107:13-37
	android:configChanges
		ADDED from src\main\AndroidManifest.xml:106:13-63
	android:theme
		ADDED from src\main\AndroidManifest.xml:108:13-60
	android:name
		ADDED from src\main\AndroidManifest.xml:105:13-60
intent-filter#action:name:cn.jpush.android.ui.PushActivity+category:name:android.intent.category.DEFAULT+category:name:com.diabin.fastec.example
ADDED from src\main\AndroidManifest.xml:109:13-114:29
action#cn.jpush.android.ui.PushActivity
ADDED from src\main\AndroidManifest.xml:110:17-75
	android:name
		ADDED from src\main\AndroidManifest.xml:110:25-72
service#cn.jpush.android.service.DownloadService
ADDED from src\main\AndroidManifest.xml:118:9-121:40
MERGED from [cn.jiguang.sdk:jpush:3.0.1] AndroidManifest.xml:59:9-62:40
MERGED from [cn.jiguang.sdk:jpush:3.0.1] AndroidManifest.xml:59:9-62:40
	android:enabled
		ADDED from src\main\AndroidManifest.xml:120:13-35
	android:exported
		ADDED from src\main\AndroidManifest.xml:121:13-37
	android:name
		ADDED from src\main\AndroidManifest.xml:119:13-68
receiver#cn.jpush.android.service.AlarmReceiver
ADDED from src\main\AndroidManifest.xml:124:9-75
MERGED from [cn.jiguang.sdk:jpush:3.0.1] AndroidManifest.xml:116:9-118:40
MERGED from [cn.jiguang.sdk:jpush:3.0.1] AndroidManifest.xml:116:9-118:40
	android:exported
		ADDED from [cn.jiguang.sdk:jpush:3.0.1] AndroidManifest.xml:118:13-37
	android:name
		ADDED from src\main\AndroidManifest.xml:124:19-72
receiver#com.diabin.fastec.example.push.PushReceiver
ADDED from src\main\AndroidManifest.xml:127:9-143:20
	android:enabled
		ADDED from src\main\AndroidManifest.xml:129:13-35
	android:name
		ADDED from src\main\AndroidManifest.xml:128:13-46
intent-filter#action:name:cn.jpush.android.intent.CONNECTION+action:name:cn.jpush.android.intent.MESSAGE_RECEIVED+action:name:cn.jpush.android.intent.NOTIFICATION_OPENED+action:name:cn.jpush.android.intent.NOTIFICATION_RECEIVED+action:name:cn.jpush.android.intent.REGISTRATION+category:name:com.diabin.fastec.example
ADDED from src\main\AndroidManifest.xml:130:13-142:29
action#cn.jpush.android.intent.REGISTRATION
ADDED from src\main\AndroidManifest.xml:132:17-79
	android:name
		ADDED from src\main\AndroidManifest.xml:132:25-76
action#cn.jpush.android.intent.MESSAGE_RECEIVED
ADDED from src\main\AndroidManifest.xml:134:17-83
	android:name
		ADDED from src\main\AndroidManifest.xml:134:25-80
action#cn.jpush.android.intent.NOTIFICATION_RECEIVED
ADDED from src\main\AndroidManifest.xml:136:17-88
	android:name
		ADDED from src\main\AndroidManifest.xml:136:25-85
action#cn.jpush.android.intent.NOTIFICATION_OPENED
ADDED from src\main\AndroidManifest.xml:138:17-86
	android:name
		ADDED from src\main\AndroidManifest.xml:138:25-83
action#cn.jpush.android.intent.CONNECTION
ADDED from src\main\AndroidManifest.xml:140:17-77
	android:name
		ADDED from src\main\AndroidManifest.xml:140:25-74
meta-data#JPUSH_CHANNEL
ADDED from src\main\AndroidManifest.xml:151:9-153:49
MERGED from [cn.jiguang.sdk:jpush:3.0.1] AndroidManifest.xml:121:9-123:48
MERGED from [cn.jiguang.sdk:jpush:3.0.1] AndroidManifest.xml:121:9-123:48
	android:value
		ADDED from src\main\AndroidManifest.xml:153:13-46
	android:name
		ADDED from src\main\AndroidManifest.xml:152:13-41
meta-data#JPUSH_APPKEY
ADDED from src\main\AndroidManifest.xml:155:9-157:56
MERGED from [cn.jiguang.sdk:jpush:3.0.1] AndroidManifest.xml:124:9-126:47
MERGED from [cn.jiguang.sdk:jpush:3.0.1] AndroidManifest.xml:124:9-126:47
	android:value
		ADDED from src\main\AndroidManifest.xml:157:13-53
	android:name
		ADDED from src\main\AndroidManifest.xml:156:13-40
activity#com.mob.tools.MobUIShell
ADDED from src\main\AndroidManifest.xml:161:9-182:20
	android:screenOrientation
		ADDED from src\main\AndroidManifest.xml:164:13-49
	android:windowSoftInputMode
		ADDED from src\main\AndroidManifest.xml:166:13-67
	android:configChanges
		ADDED from src\main\AndroidManifest.xml:163:13-74
	android:theme
		ADDED from src\main\AndroidManifest.xml:165:13-72
	android:name
		ADDED from src\main\AndroidManifest.xml:162:13-52
intent-filter#action:name:android.intent.action.VIEW+category:name:android.intent.category.BROWSABLE+category:name:android.intent.category.DEFAULT+data:scheme:tencent100371282
ADDED from src\main\AndroidManifest.xml:168:13-174:29
category#android.intent.category.BROWSABLE
ADDED from src\main\AndroidManifest.xml:172:17-78
	android:name
		ADDED from src\main\AndroidManifest.xml:172:27-75
intent-filter#action:name:com.sina.weibo.sdk.action.ACTION_SDK_REQ_ACTIVITY+category:name:android.intent.category.DEFAULT
ADDED from src\main\AndroidManifest.xml:177:13-180:29
action#com.sina.weibo.sdk.action.ACTION_SDK_REQ_ACTIVITY
ADDED from src\main\AndroidManifest.xml:178:17-92
	android:name
		ADDED from src\main\AndroidManifest.xml:178:25-89
uses-sdk
INJECTED from src\main\AndroidManifest.xml reason: use-sdk injection requested
INJECTED from src\main\AndroidManifest.xml
INJECTED from src\main\AndroidManifest.xml
MERGED from [:latte-ec] AndroidManifest.xml:7:5-9:41
MERGED from [:latte-ec] AndroidManifest.xml:7:5-9:41
MERGED from [:latte-ui] AndroidManifest.xml:7:5-9:41
MERGED from [:latte-ui] AndroidManifest.xml:7:5-9:41
MERGED from [:latte-core] AndroidManifest.xml:7:5-9:41
MERGED from [:latte-core] AndroidManifest.xml:7:5-9:41
MERGED from [com.android.support:multidex:1.0.3] AndroidManifest.xml:20:5-43
MERGED from [com.android.support:multidex:1.0.3] AndroidManifest.xml:20:5-43
MERGED from [cn.jiguang.sdk:jpush:3.0.1] AndroidManifest.xml:7:5-9:41
MERGED from [cn.jiguang.sdk:jpush:3.0.1] AndroidManifest.xml:7:5-9:41
MERGED from [cn.jiguang.sdk:jcore:1.1.0] AndroidManifest.xml:7:5-9:41
MERGED from [cn.jiguang.sdk:jcore:1.1.0] AndroidManifest.xml:7:5-9:41
MERGED from [de.hdodenhof:circleimageview:2.1.0] AndroidManifest.xml:5:5-7:41
MERGED from [de.hdodenhof:circleimageview:2.1.0] AndroidManifest.xml:5:5-7:41
MERGED from [com.github.CymChad:BaseRecyclerViewAdapterHelper:2.9.22] AndroidManifest.xml:7:5-9:41
MERGED from [com.github.CymChad:BaseRecyclerViewAdapterHelper:2.9.22] AndroidManifest.xml:7:5-9:41
MERGED from [com.choices.divider:RecyclerView_Divider:1.0.0] AndroidManifest.xml:7:5-9:41
MERGED from [com.choices.divider:RecyclerView_Divider:1.0.0] AndroidManifest.xml:7:5-9:41
MERGED from [com.github.bumptech.glide:okhttp3-integration:4.0.0-RC0] AndroidManifest.xml:6:5-8:41
MERGED from [com.github.bumptech.glide:okhttp3-integration:4.0.0-RC0] AndroidManifest.xml:6:5-8:41
MERGED from [com.bigkoo:convenientbanner:2.0.5] AndroidManifest.xml:7:5-44
MERGED from [com.bigkoo:convenientbanner:2.0.5] AndroidManifest.xml:7:5-44
MERGED from [com.ToxicBakery.viewpager.transforms:view-pager-transforms:1.2.32] AndroidManifest.xml:23:5-25:41
MERGED from [com.ToxicBakery.viewpager.transforms:view-pager-transforms:1.2.32] AndroidManifest.xml:23:5-25:41
MERGED from [com.daimajia.easing:library:1.0.1] AndroidManifest.xml:8:5-10:41
MERGED from [com.daimajia.easing:library:1.0.1] AndroidManifest.xml:8:5-10:41
MERGED from [com.daimajia.androidanimations:library:1.1.3] AndroidManifest.xml:8:5-10:41
MERGED from [com.daimajia.androidanimations:library:1.1.3] AndroidManifest.xml:8:5-10:41
MERGED from [com.joanzapata.iconify:android-iconify-ionicons:2.2.2] AndroidManifest.xml:6:5-43
MERGED from [com.joanzapata.iconify:android-iconify-ionicons:2.2.2] AndroidManifest.xml:6:5-43
MERGED from [com.joanzapata.iconify:android-iconify-fontawesome:2.2.2] AndroidManifest.xml:6:5-43
MERGED from [com.joanzapata.iconify:android-iconify-fontawesome:2.2.2] AndroidManifest.xml:6:5-43
MERGED from [com.joanzapata.iconify:android-iconify:2.2.2] AndroidManifest.xml:6:5-43
MERGED from [com.joanzapata.iconify:android-iconify:2.2.2] AndroidManifest.xml:6:5-43
MERGED from [me.dm7.barcodescanner:zbar:1.9.3] AndroidManifest.xml:7:5-9:41
MERGED from [me.dm7.barcodescanner:zbar:1.9.3] AndroidManifest.xml:7:5-9:41
MERGED from [me.dm7.barcodescanner:core:1.9.3] AndroidManifest.xml:7:5-9:41
MERGED from [me.dm7.barcodescanner:core:1.9.3] AndroidManifest.xml:7:5-9:41
MERGED from [com.android.support:support-v4:28.0.0] AndroidManifest.xml:20:5-44
MERGED from [com.android.support:support-v4:28.0.0] AndroidManifest.xml:20:5-44
MERGED from [com.github.niorgai:StatusBarCompat:2.1.3] AndroidManifest.xml:7:5-9:41
MERGED from [com.github.niorgai:StatusBarCompat:2.1.3] AndroidManifest.xml:7:5-9:41
MERGED from [com.android.support:design:28.0.0] AndroidManifest.xml:20:5-44
MERGED from [com.android.support:design:28.0.0] AndroidManifest.xml:20:5-44
MERGED from [com.github.yalantis:ucrop:2.2.1-native] AndroidManifest.xml:8:5-10:41
MERGED from [com.github.yalantis:ucrop:2.2.1-native] AndroidManifest.xml:8:5-10:41
MERGED from [com.android.support:appcompat-v7:28.0.0] AndroidManifest.xml:20:5-44
MERGED from [com.android.support:appcompat-v7:28.0.0] AndroidManifest.xml:20:5-44
MERGED from [com.android.support:cardview-v7:28.0.0] AndroidManifest.xml:20:5-44
MERGED from [com.android.support:cardview-v7:28.0.0] AndroidManifest.xml:20:5-44
MERGED from [com.android.support.constraint:constraint-layout:1.1.3] AndroidManifest.xml:5:5-7:41
MERGED from [com.android.support.constraint:constraint-layout:1.1.3] AndroidManifest.xml:5:5-7:41
MERGED from [me.yokeyword:fragmentation:1.0.3] AndroidManifest.xml:5:5-7:41
MERGED from [me.yokeyword:fragmentation:1.0.3] AndroidManifest.xml:5:5-7:41
MERGED from [me.yokeyword:fragmentation-swipeback:1.0.3] AndroidManifest.xml:5:5-7:41
MERGED from [me.yokeyword:fragmentation-swipeback:1.0.3] AndroidManifest.xml:5:5-7:41
MERGED from [com.jakewharton:butterknife:9.0.0-rc2] AndroidManifest.xml:5:5-44
MERGED from [com.jakewharton:butterknife:9.0.0-rc2] AndroidManifest.xml:5:5-44
MERGED from [com.wang.avi:library:2.1.3] AndroidManifest.xml:7:5-9:41
MERGED from [com.wang.avi:library:2.1.3] AndroidManifest.xml:7:5-9:41
MERGED from [com.orhanobut:logger:2.1.1] AndroidManifest.xml:6:5-43
MERGED from [com.orhanobut:logger:2.1.1] AndroidManifest.xml:6:5-43
MERGED from [com.blankj:utilcode:1.7.1] AndroidManifest.xml:8:5-44
MERGED from [com.blankj:utilcode:1.7.1] AndroidManifest.xml:8:5-44
MERGED from [com.github.hotchemi:permissionsdispatcher:2.4.0] AndroidManifest.xml:6:5-8:41